# JRE version: OpenJDK Runtime Environment (8.0_232-b09) (build 1.8.0_232-b09)
# Java VM: OpenJDK 64-Bit Server VM (25.232-b09 mixed mode linux-amd64 compressed oops)
Heap:
 PSYoungGen      total 68608K, used 30365K [0x00000000d7180000, 0x00000000df780000, 0x0000000100000000)
  eden space 63488K, 43% used [0x00000000d7180000,0x00000000d8cb4b18,0x00000000daf80000)
  from space 5120K, 48% used [0x00000000daf80000,0x00000000db1f2c00,0x00000000db480000)
  to   space 5120K, 0% used [0x00000000df280000,0x00000000df280000,0x00000000df780000)
 ParOldGen       total 192512K, used 86140K [0x0000000085400000, 0x0000000091000000, 0x00000000d7180000)
  object space 192512K, 44% used [0x0000000085400000,0x000000008a81f2e0,0x0000000091000000)
 Metaspace       used 9314K, capacity 9485K, committed 9728K, reserved 1058816K
  class space    used 878K, capacity 935K, committed 1024K, reserved 1048576K
GC Heap History (8 events):
Event: 0.466 GC heap before
{Heap before GC invocations=1 (full 0):
 PSYoungGen      total 36864K, used 31744K [0x00000000d7180000, 0x00000000d9a80000, 0x0000000100000000)
  eden space 31744K, 100% used [0x00000000d7180000,0x00000000d9080000,0x00000000d9080000)
  from space 5120K, 0% used [0x00000000d9580000,0x00000000d9580000,0x00000000d9a80000)
  to   space 5120K, 0% used [0x00000000d9080000,0x00000000d9080000,0x00000000d9580000)
 ParOldGen       total 84992K, used 0K [0x0000000085400000, 0x000000008a700000, 0x00000000d7180000)
  object space 84992K, 0% used [0x0000000085400000,0x0000000085400000,0x000000008a700000)
 Metaspace       used 9093K, capacity 9293K, committed 9472K, reserved 1058816K
  class space    used 864K, capacity 935K, committed 1024K, reserved 1048576K
Event: 0.472 GC heap after
Heap after GC invocations=1 (full 0):
 PSYoungGen      total 36864K, used 5102K [0x00000000d7180000, 0x00000000db980000, 0x0000000100000000)
  eden space 31744K, 0% used [0x00000000d7180000,0x00000000d7180000,0x00000000d9080000)
  from space 5120K, 99% used [0x00000000d9080000,0x00000000d957b890,0x00000000d9580000)
  to   space 5120K, 0% used [0x00000000db480000,0x00000000db480000,0x00000000db980000)
 ParOldGen       total 84992K, used 14676K [0x0000000085400000, 0x000000008a700000, 0x00000000d7180000)
  object space 84992K, 17% used [0x0000000085400000,0x00000000862553f8,0x000000008a700000)
 Metaspace       used 9093K, capacity 9293K, committed 9472K, reserved 1058816K
  class space    used 864K, capacity 935K, committed 1024K, reserved 1048576K
}
Event: 0.599 GC heap before
{Heap before GC invocations=2 (full 0):
 PSYoungGen      total 36864K, used 36846K [0x00000000d7180000, 0x00000000db980000, 0x0000000100000000)
  eden space 31744K, 100% used [0x00000000d7180000,0x00000000d9080000,0x00000000d9080000)
  from space 5120K, 99% used [0x00000000d9080000,0x00000000d957b890,0x00000000d9580000)
  to   space 5120K, 0% used [0x00000000db480000,0x00000000db480000,0x00000000db980000)
 ParOldGen       total 84992K, used 14676K [0x0000000085400000, 0x000000008a700000, 0x00000000d7180000)
  object space 84992K, 17% used [0x0000000085400000,0x00000000862553f8,0x000000008a700000)
 Metaspace       used 9133K, capacity 9293K, committed 9472K, reserved 1058816K
  class space    used 866K, capacity 935K, committed 1024K, reserved 1048576K
Event: 0.605 GC heap after
Heap after GC invocations=2 (full 0):
 PSYoungGen      total 68608K, used 5102K [0x00000000d7180000, 0x00000000db980000, 0x0000000100000000)
  eden space 63488K, 0% used [0x00000000d7180000,0x00000000d7180000,0x00000000daf80000)
  from space 5120K, 99% used [0x00000000db480000,0x00000000db97b8b0,0x00000000db980000)
  to   space 5120K, 0% used [0x00000000daf80000,0x00000000daf80000,0x00000000db480000)
 ParOldGen       total 84992K, used 29580K [0x0000000085400000, 0x000000008a700000, 0x00000000d7180000)
  object space 84992K, 34% used [0x0000000085400000,0x00000000870e31d8,0x000000008a700000)
 Metaspace       used 9133K, capacity 9293K, committed 9472K, reserved 1058816K
  class space    used 866K, capacity 935K, committed 1024K, reserved 1048576K
}
Event: 0.902 GC heap before
{Heap before GC invocations=3 (full 0):
 PSYoungGen      total 68608K, used 68590K [0x00000000d7180000, 0x00000000db980000, 0x0000000100000000)
  eden space 63488K, 100% used [0x00000000d7180000,0x00000000daf80000,0x00000000daf80000)
  from space 5120K, 99% used [0x00000000db480000,0x00000000db97b8b0,0x00000000db980000)
  to   space 5120K, 0% used [0x00000000daf80000,0x00000000daf80000,0x00000000db480000)
 ParOldGen       total 84992K, used 29580K [0x0000000085400000, 0x000000008a700000, 0x00000000d7180000)
  object space 84992K, 34% used [0x0000000085400000,0x00000000870e31d8,0x000000008a700000)
 Metaspace       used 9155K, capacity 9357K, committed 9472K, reserved 1058816K
  class space    used 870K, capacity 935K, committed 1024K, reserved 1048576K
Event: 0.927 GC heap after
Heap after GC invocations=3 (full 0):
 PSYoungGen      total 68608K, used 5102K [0x00000000d7180000, 0x00000000df780000, 0x0000000100000000)
  eden space 63488K, 0% used [0x00000000d7180000,0x00000000d7180000,0x00000000daf80000)
  from space 5120K, 99% used [0x00000000daf80000,0x00000000db47b8b0,0x00000000db480000)
  to   space 5120K, 0% used [0x00000000df280000,0x00000000df280000,0x00000000df780000)
 ParOldGen       total 86528K, used 85847K [0x0000000085400000, 0x000000008a880000, 0x00000000d7180000)
  object space 86528K, 99% used [0x0000000085400000,0x000000008a7d5ee8,0x000000008a880000)
 Metaspace       used 9155K, capacity 9357K, committed 9472K, reserved 1058816K
  class space    used 870K, capacity 935K, committed 1024K, reserved 1048576K
}
Event: 0.927 GC heap before
{Heap before GC invocations=4 (full 1):
 PSYoungGen      total 68608K, used 5102K [0x00000000d7180000, 0x00000000df780000, 0x0000000100000000)
  eden space 63488K, 0% used [0x00000000d7180000,0x00000000d7180000,0x00000000daf80000)
  from space 5120K, 99% used [0x00000000daf80000,0x00000000db47b8b0,0x00000000db480000)
  to   space 5120K, 0% used [0x00000000df280000,0x00000000df280000,0x00000000df780000)
 ParOldGen       total 86528K, used 85847K [0x0000000085400000, 0x000000008a880000, 0x00000000d7180000)
  object space 86528K, 99% used [0x0000000085400000,0x000000008a7d5ee8,0x000000008a880000)
 Metaspace       used 9155K, capacity 9357K, committed 9472K, reserved 1058816K
  class space    used 870K, capacity 935K, committed 1024K, reserved 1048576K
Event: 0.981 GC heap after
Heap after GC invocations=4 (full 1):
 PSYoungGen      total 68608K, used 2507K [0x00000000d7180000, 0x00000000df780000, 0x0000000100000000)
  eden space 63488K, 0% used [0x00000000d7180000,0x00000000d7180000,0x00000000daf80000)
  from space 5120K, 48% used [0x00000000daf80000,0x00000000db1f2c00,0x00000000db480000)
  to   space 5120K, 0% used [0x00000000df280000,0x00000000df280000,0x00000000df780000)
 ParOldGen       total 192512K, used 86140K [0x0000000085400000, 0x0000000091000000, 0x00000000d7180000)
  object space 192512K, 44% used [0x0000000085400000,0x000000008a81f2e0,0x0000000091000000)
 Metaspace       used 9155K, capacity 9357K, committed 9472K, reserved 1058816K
  class space    used 870K, capacity 935K, committed 1024K, reserved 1048576K
}

