# JRE version: OpenJDK Runtime Environment (8.0_232-b09) (build 1.8.0_232-b09)
# Java VM: OpenJDK 64-Bit Server VM (25.232-b09 mixed mode linux-amd64 compressed oops)
Heap:
 PSYoungGen      total 149504K, used 53919K [0x00000000d7180000, 0x00000000e4400000, 0x0000000100000000)
  eden space 82432K, 61% used [0x00000000d7180000,0x00000000da317cb0,0x00000000dc200000)
  from space 67072K, 4% used [0x00000000e0100000,0x00000000e0410000,0x00000000e4280000)
  to   space 64512K, 0% used [0x00000000dc200000,0x00000000dc200000,0x00000000e0100000)
 ParOldGen       total 209408K, used 89617K [0x0000000085400000, 0x0000000092080000, 0x00000000d7180000)
  object space 209408K, 42% used [0x0000000085400000,0x000000008ab84608,0x0000000092080000)
 Metaspace       used 9337K, capacity 9553K, committed 9728K, reserved 1058816K
  class space    used 883K, capacity 935K, committed 1024K, reserved 1048576K
GC Heap History (10 events):
Event: 1.001 GC heap before
{Heap before GC invocations=3 (full 0):
 PSYoungGen      total 68608K, used 68590K [0x00000000d7180000, 0x00000000db980000, 0x0000000100000000)
  eden space 63488K, 100% used [0x00000000d7180000,0x00000000daf80000,0x00000000daf80000)
  from space 5120K, 99% used [0x00000000db480000,0x00000000db97b890,0x00000000db980000)
  to   space 5120K, 0% used [0x00000000daf80000,0x00000000daf80000,0x00000000db480000)
 ParOldGen       total 84992K, used 28577K [0x0000000085400000, 0x000000008a700000, 0x00000000d7180000)
  object space 84992K, 33% used [0x0000000085400000,0x0000000086fe86a8,0x000000008a700000)
 Metaspace       used 9308K, capacity 9489K, committed 9728K, reserved 1058816K
  class space    used 878K, capacity 935K, committed 1024K, reserved 1048576K
Event: 1.045 GC heap after
Heap after GC invocations=3 (full 0):
 PSYoungGen      total 68608K, used 5118K [0x00000000d7180000, 0x00000000df780000, 0x0000000100000000)
  eden space 63488K, 0% used [0x00000000d7180000,0x00000000d7180000,0x00000000daf80000)
  from space 5120K, 99% used [0x00000000daf80000,0x00000000db47f8a0,0x00000000db480000)
  to   space 5120K, 0% used [0x00000000df280000,0x00000000df280000,0x00000000df780000)
 ParOldGen       total 90112K, used 89926K [0x0000000085400000, 0x000000008ac00000, 0x00000000d7180000)
  object space 90112K, 99% used [0x0000000085400000,0x000000008abd1818,0x000000008ac00000)
 Metaspace       used 9308K, capacity 9489K, committed 9728K, reserved 1058816K
  class space    used 878K, capacity 935K, committed 1024K, reserved 1048576K
}
Event: 1.045 GC heap before
{Heap before GC invocations=4 (full 1):
 PSYoungGen      total 68608K, used 5118K [0x00000000d7180000, 0x00000000df780000, 0x0000000100000000)
  eden space 63488K, 0% used [0x00000000d7180000,0x00000000d7180000,0x00000000daf80000)
  from space 5120K, 99% used [0x00000000daf80000,0x00000000db47f8a0,0x00000000db480000)
  to   space 5120K, 0% used [0x00000000df280000,0x00000000df280000,0x00000000df780000)
 ParOldGen       total 90112K, used 89926K [0x0000000085400000, 0x000000008ac00000, 0x00000000d7180000)
  object space 90112K, 99% used [0x0000000085400000,0x000000008abd1818,0x000000008ac00000)
 Metaspace       used 9308K, capacity 9489K, committed 9728K, reserved 1058816K
  class space    used 878K, capacity 935K, committed 1024K, reserved 1048576K
Event: 1.394 GC heap after
Heap after GC invocations=4 (full 1):
 PSYoungGen      total 68608K, used 3042K [0x00000000d7180000, 0x00000000df780000, 0x0000000100000000)
  eden space 63488K, 0% used [0x00000000d7180000,0x00000000d7180000,0x00000000daf80000)
  from space 5120K, 59% used [0x00000000daf80000,0x00000000db278918,0x00000000db480000)
  to   space 5120K, 0% used [0x00000000df280000,0x00000000df280000,0x00000000df780000)
 ParOldGen       total 209408K, used 89617K [0x0000000085400000, 0x0000000092080000, 0x00000000d7180000)
  object space 209408K, 42% used [0x0000000085400000,0x000000008ab84608,0x0000000092080000)
 Metaspace       used 9308K, capacity 9489K, committed 9728K, reserved 1058816K
  class space    used 878K, capacity 935K, committed 1024K, reserved 1048576K
}
Event: 2.924 GC heap before
{Heap before GC invocations=5 (full 1):
 PSYoungGen      total 68608K, used 66530K [0x00000000d7180000, 0x00000000df780000, 0x0000000100000000)
  eden space 63488K, 100% used [0x00000000d7180000,0x00000000daf80000,0x00000000daf80000)
  from space 5120K, 59% used [0x00000000daf80000,0x00000000db278918,0x00000000db480000)
  to   space 5120K, 0% used [0x00000000df280000,0x00000000df280000,0x00000000df780000)
 ParOldGen       total 209408K, used 89617K [0x0000000085400000, 0x0000000092080000, 0x00000000d7180000)
  object space 209408K, 42% used [0x0000000085400000,0x000000008ab84608,0x0000000092080000)
 Metaspace       used 9309K, capacity 9489K, committed 9728K, reserved 1058816K
  class space    used 878K, capacity 935K, committed 1024K, reserved 1048576K
Event: 2.930 GC heap after
Heap after GC invocations=5 (full 1):
 PSYoungGen      total 75776K, used 3104K [0x00000000d7180000, 0x00000000df600000, 0x0000000100000000)
  eden space 72192K, 0% used [0x00000000d7180000,0x00000000d7180000,0x00000000db800000)
  from space 3584K, 86% used [0x00000000df280000,0x00000000df588000,0x00000000df600000)
  to   space 5120K, 0% used [0x00000000dec00000,0x00000000dec00000,0x00000000df100000)
 ParOldGen       total 209408K, used 89617K [0x0000000085400000, 0x0000000092080000, 0x00000000d7180000)
  object space 209408K, 42% used [0x0000000085400000,0x000000008ab84608,0x0000000092080000)
 Metaspace       used 9309K, capacity 9489K, committed 9728K, reserved 1058816K
  class space    used 878K, capacity 935K, committed 1024K, reserved 1048576K
}
Event: 5.569 GC heap before
{Heap before GC invocations=6 (full 1):
 PSYoungGen      total 75776K, used 75296K [0x00000000d7180000, 0x00000000df600000, 0x0000000100000000)
  eden space 72192K, 100% used [0x00000000d7180000,0x00000000db800000,0x00000000db800000)
  from space 3584K, 86% used [0x00000000df280000,0x00000000df588000,0x00000000df600000)
  to   space 5120K, 0% used [0x00000000dec00000,0x00000000dec00000,0x00000000df100000)
 ParOldGen       total 209408K, used 89617K [0x0000000085400000, 0x0000000092080000, 0x00000000d7180000)
  object space 209408K, 42% used [0x0000000085400000,0x000000008ab84608,0x0000000092080000)
 Metaspace       used 9309K, capacity 9489K, committed 9728K, reserved 1058816K
  class space    used 878K, capacity 935K, committed 1024K, reserved 1048576K
Event: 5.571 GC heap after
Heap after GC invocations=6 (full 1):
 PSYoungGen      total 84992K, used 3168K [0x00000000d7180000, 0x00000000e4280000, 0x0000000100000000)
  eden space 79872K, 0% used [0x00000000d7180000,0x00000000d7180000,0x00000000dbf80000)
  from space 5120K, 61% used [0x00000000dec00000,0x00000000def18000,0x00000000df100000)
  to   space 67072K, 0% used [0x00000000e0100000,0x00000000e0100000,0x00000000e4280000)
 ParOldGen       total 209408K, used 89617K [0x0000000085400000, 0x0000000092080000, 0x00000000d7180000)
  object space 209408K, 42% used [0x0000000085400000,0x000000008ab84608,0x0000000092080000)
 Metaspace       used 9309K, capacity 9489K, committed 9728K, reserved 1058816K
  class space    used 878K, capacity 935K, committed 1024K, reserved 1048576K
}
Event: 11.192 GC heap before
{Heap before GC invocations=7 (full 1):
 PSYoungGen      total 84992K, used 83040K [0x00000000d7180000, 0x00000000e4280000, 0x0000000100000000)
  eden space 79872K, 100% used [0x00000000d7180000,0x00000000dbf80000,0x00000000dbf80000)
  from space 5120K, 61% used [0x00000000dec00000,0x00000000def18000,0x00000000df100000)
  to   space 67072K, 0% used [0x00000000e0100000,0x00000000e0100000,0x00000000e4280000)
 ParOldGen       total 209408K, used 89617K [0x0000000085400000, 0x0000000092080000, 0x00000000d7180000)
  object space 209408K, 42% used [0x0000000085400000,0x000000008ab84608,0x0000000092080000)
 Metaspace       used 9311K, capacity 9489K, committed 9728K, reserved 1058816K
  class space    used 878K, capacity 935K, committed 1024K, reserved 1048576K
Event: 11.195 GC heap after
Heap after GC invocations=7 (full 1):
 PSYoungGen      total 149504K, used 3136K [0x00000000d7180000, 0x00000000e4400000, 0x0000000100000000)
  eden space 82432K, 0% used [0x00000000d7180000,0x00000000d7180000,0x00000000dc200000)
  from space 67072K, 4% used [0x00000000e0100000,0x00000000e0410000,0x00000000e4280000)
  to   space 64512K, 0% used [0x00000000dc200000,0x00000000dc200000,0x00000000e0100000)
 ParOldGen       total 209408K, used 89617K [0x0000000085400000, 0x0000000092080000, 0x00000000d7180000)
  object space 209408K, 42% used [0x0000000085400000,0x000000008ab84608,0x0000000092080000)
 Metaspace       used 9311K, capacity 9489K, committed 9728K, reserved 1058816K
  class space    used 878K, capacity 935K, committed 1024K, reserved 1048576K
}

